# JRE version: OpenJDK Runtime Environment Temurin-21.0.1+12 (21.0.1+12) (build 21.0.1+12-LTS)
# Java VM: OpenJDK 64-Bit Server VM Temurin-21.0.1+12 (21.0.1+12-LTS, mixed mode, tiered, compressed oops, compressed class ptrs, g1 gc, windows-amd64)
GC Precious Log:
 CardTable entry size: 512
 Card Set container configuration: InlinePtr #cards 4 size 8 Array Of Cards #cards 16 size 48 Howl #buckets 8 coarsen threshold 3686 Howl Bitmap #cards 512 size 80 coarsen threshold 460 Card regions per heap region 1 cards per card region 4096
 CPUs: 16 total, 16 available
 Memory: 15789M
 Large Page Support: Disabled
 NUMA Support: Disabled
 Compressed Oops: Enabled (Zero based)
 Heap Region Size: 2M
 Heap Min Capacity: 8M
 Heap Initial Capacity: 248M
 Heap Max Capacity: 3948M
 Pre-touch: Disabled
 Parallel Workers: 13
 Concurrent Workers: 3
 Concurrent Refinement Workers: 13
 Periodic GC: Disabled
Heap:
 garbage-first heap   total 141312K, used 100815K [0x0000000709400000, 0x0000000800000000)
  region size 2048K, 27 young (55296K), 2 survivors (4096K)
 Metaspace       used 99199K, committed 100096K, reserved 1179648K
  class space    used 12623K, committed 12992K, reserved 1048576K
GC Heap History (20 events):
Event: 6.158 GC heap before
{Heap before GC invocations=14 (full 0):
 garbage-first heap   total 96256K, used 43921K [0x0000000709400000, 0x0000000800000000)
  region size 2048K, 13 young (26624K), 2 survivors (4096K)
 Metaspace       used 59536K, committed 60096K, reserved 1114112K
  class space    used 7179K, committed 7488K, reserved 1048576K
}
Event: 6.164 GC heap after
{Heap after GC invocations=15 (full 0):
 garbage-first heap   total 96256K, used 24232K [0x0000000709400000, 0x0000000800000000)
  region size 2048K, 3 young (6144K), 3 survivors (6144K)
 Metaspace       used 59536K, committed 60096K, reserved 1114112K
  class space    used 7179K, committed 7488K, reserved 1048576K
}
Event: 6.506 GC heap before
{Heap before GC invocations=16 (full 0):
 garbage-first heap   total 96256K, used 73384K [0x0000000709400000, 0x0000000800000000)
  region size 2048K, 28 young (57344K), 3 survivors (6144K)
 Metaspace       used 65451K, committed 66048K, reserved 1114112K
  class space    used 7992K, committed 8256K, reserved 1048576K
}
Event: 6.513 GC heap after
{Heap after GC invocations=17 (full 0):
 garbage-first heap   total 96256K, used 25053K [0x0000000709400000, 0x0000000800000000)
  region size 2048K, 3 young (6144K), 3 survivors (6144K)
 Metaspace       used 65451K, committed 66048K, reserved 1114112K
  class space    used 7992K, committed 8256K, reserved 1048576K
}
Event: 6.939 GC heap before
{Heap before GC invocations=17 (full 0):
 garbage-first heap   total 96256K, used 76253K [0x0000000709400000, 0x0000000800000000)
  region size 2048K, 28 young (57344K), 3 survivors (6144K)
 Metaspace       used 69418K, committed 70080K, reserved 1114112K
  class space    used 8653K, committed 8960K, reserved 1048576K
}
Event: 6.947 GC heap after
{Heap after GC invocations=18 (full 0):
 garbage-first heap   total 116736K, used 25820K [0x0000000709400000, 0x0000000800000000)
  region size 2048K, 3 young (6144K), 3 survivors (6144K)
 Metaspace       used 69418K, committed 70080K, reserved 1114112K
  class space    used 8653K, committed 8960K, reserved 1048576K
}
Event: 7.590 GC heap before
{Heap before GC invocations=18 (full 0):
 garbage-first heap   total 116736K, used 87260K [0x0000000709400000, 0x0000000800000000)
  region size 2048K, 34 young (69632K), 3 survivors (6144K)
 Metaspace       used 75752K, committed 76416K, reserved 1179648K
  class space    used 9483K, committed 9792K, reserved 1048576K
}
Event: 7.600 GC heap after
{Heap after GC invocations=19 (full 0):
 garbage-first heap   total 116736K, used 28331K [0x0000000709400000, 0x0000000800000000)
  region size 2048K, 4 young (8192K), 4 survivors (8192K)
 Metaspace       used 75752K, committed 76416K, reserved 1179648K
  class space    used 9483K, committed 9792K, reserved 1048576K
}
Event: 8.097 GC heap before
{Heap before GC invocations=19 (full 0):
 garbage-first heap   total 116736K, used 89771K [0x0000000709400000, 0x0000000800000000)
  region size 2048K, 34 young (69632K), 4 survivors (8192K)
 Metaspace       used 79926K, committed 80576K, reserved 1179648K
  class space    used 10261K, committed 10560K, reserved 1048576K
}
Event: 8.110 GC heap after
{Heap after GC invocations=20 (full 0):
 garbage-first heap   total 116736K, used 31259K [0x0000000709400000, 0x0000000800000000)
  region size 2048K, 4 young (8192K), 4 survivors (8192K)
 Metaspace       used 79926K, committed 80576K, reserved 1179648K
  class space    used 10261K, committed 10560K, reserved 1048576K
}
Event: 8.546 GC heap before
{Heap before GC invocations=20 (full 0):
 garbage-first heap   total 116736K, used 92699K [0x0000000709400000, 0x0000000800000000)
  region size 2048K, 34 young (69632K), 4 survivors (8192K)
 Metaspace       used 82933K, committed 83584K, reserved 1179648K
  class space    used 10640K, committed 10944K, reserved 1048576K
}
Event: 8.552 GC heap after
{Heap after GC invocations=21 (full 0):
 garbage-first heap   total 116736K, used 33089K [0x0000000709400000, 0x0000000800000000)
  region size 2048K, 3 young (6144K), 3 survivors (6144K)
 Metaspace       used 82933K, committed 83584K, reserved 1179648K
  class space    used 10640K, committed 10944K, reserved 1048576K
}
Event: 9.011 GC heap before
{Heap before GC invocations=21 (full 0):
 garbage-first heap   total 116736K, used 96577K [0x0000000709400000, 0x0000000800000000)
  region size 2048K, 34 young (69632K), 3 survivors (6144K)
 Metaspace       used 84507K, committed 85248K, reserved 1179648K
  class space    used 10804K, committed 11136K, reserved 1048576K
}
Event: 9.016 GC heap after
{Heap after GC invocations=22 (full 0):
 garbage-first heap   total 141312K, used 35336K [0x0000000709400000, 0x0000000800000000)
  region size 2048K, 4 young (8192K), 4 survivors (8192K)
 Metaspace       used 84507K, committed 85248K, reserved 1179648K
  class space    used 10804K, committed 11136K, reserved 1048576K
}
Event: 9.782 GC heap before
{Heap before GC invocations=22 (full 0):
 garbage-first heap   total 141312K, used 109064K [0x0000000709400000, 0x0000000800000000)
  region size 2048K, 41 young (83968K), 4 survivors (8192K)
 Metaspace       used 87649K, committed 88512K, reserved 1179648K
  class space    used 11193K, committed 11584K, reserved 1048576K
}
Event: 9.795 GC heap after
{Heap after GC invocations=23 (full 0):
 garbage-first heap   total 141312K, used 45211K [0x0000000709400000, 0x0000000800000000)
  region size 2048K, 6 young (12288K), 6 survivors (12288K)
 Metaspace       used 87649K, committed 88512K, reserved 1179648K
  class space    used 11193K, committed 11584K, reserved 1048576K
}
Event: 10.270 GC heap before
{Heap before GC invocations=23 (full 0):
 garbage-first heap   total 141312K, used 116891K [0x0000000709400000, 0x0000000800000000)
  region size 2048K, 41 young (83968K), 6 survivors (12288K)
 Metaspace       used 88353K, committed 89152K, reserved 1179648K
  class space    used 11281K, committed 11648K, reserved 1048576K
}
Event: 10.280 GC heap after
{Heap after GC invocations=24 (full 0):
 garbage-first heap   total 141312K, used 49935K [0x0000000709400000, 0x0000000800000000)
  region size 2048K, 4 young (8192K), 4 survivors (8192K)
 Metaspace       used 88353K, committed 89152K, reserved 1179648K
  class space    used 11281K, committed 11648K, reserved 1048576K
}
Event: 13.980 GC heap before
{Heap before GC invocations=24 (full 0):
 garbage-first heap   total 141312K, used 119567K [0x0000000709400000, 0x0000000800000000)
  region size 2048K, 39 young (79872K), 4 survivors (8192K)
 Metaspace       used 94837K, committed 95680K, reserved 1179648K
  class space    used 12115K, committed 12480K, reserved 1048576K
}
Event: 13.985 GC heap after
{Heap after GC invocations=25 (full 0):
 garbage-first heap   total 141312K, used 53711K [0x0000000709400000, 0x0000000800000000)
  region size 2048K, 2 young (4096K), 2 survivors (4096K)
 Metaspace       used 94837K, committed 95680K, reserved 1179648K
  class space    used 12115K, committed 12480K, reserved 1048576K
}

